IQ-TREE multicore version 1.6.10 for Windows 64-bit built Feb 19 2019
Developed by Bui Quang Minh, Nguyen Lam Tung, Olga Chernomor,
Heiko Schmidt, Dominik Schrempf, Michael Woodhams.

Host:    DESKTOP-P6L66R1 (AVX2, FMA3, 15 GB RAM)
Command: C:\public\win\iqtree.exe -s otus_aligned_moss.fas -bb 1000 -redo -alrt 1000 -nt AUTO -pre iqtree/select_OTU_moss
Seed:    841054 (Using SPRNG - Scalable Parallel Random Number Generator)
Time:    Tue Sep 23 20:05:54 2025
Kernel:  AVX+FMA - auto-detect threads (16 CPU cores detected)

Reading alignment file otus_aligned_moss.fas ... Fasta format detected
Alignment most likely contains DNA/RNA sequences
Alignment has 507 sequences with 623 columns, 455 distinct patterns
311 parsimony-informative, 107 singleton sites, 205 constant sites
            Gap/Ambiguity  Composition  p-value
   1  OTU_6        48.80%    failed      1.62%
   2  OTU_488      48.80%    passed     10.17%
   3  OTU_142      48.80%    failed      0.01%
   4  OTU_59       48.80%    failed      0.00%
   5  OTU_805      48.80%    failed      0.01%
   6  OTU_220      48.80%    failed      0.02%
   7  OTU_450      48.80%    failed      0.02%
   8  OTU_339      48.80%    failed      0.00%
   9  OTU_74       48.80%    failed      0.02%
  10  OTU_362      48.80%    failed      0.29%
  11  OTU_68       48.80%    failed      2.27%
  12  OTU_1069     48.80%    failed      0.51%
  13  OTU_43       48.80%    failed      0.07%
  14  OTU_432      48.80%    failed      0.03%
  15  OTU_24       48.80%    failed      0.10%
  16  OTU_47       48.80%    failed      0.00%
  17  OTU_424      48.80%    failed      0.01%
  18  OTU_3416     48.80%    failed      0.11%
  19  OTU_42       48.80%    failed      0.00%
  20  OTU_23       48.80%    failed      0.01%
  21  OTU_320      48.80%    failed      0.06%
  22  OTU_10098    49.60%    failed      0.00%
  23  OTU_1188     48.80%    failed      0.01%
  24  OTU_27       48.80%    failed      0.10%
  25  OTU_481      49.44%    failed      0.05%
  26  OTU_800      48.80%    failed      0.05%
  27  OTU_5158     48.80%    failed      0.69%
  28  OTU_1047     48.80%    failed      0.02%
  29  OTU_444      48.80%    failed      0.01%
  30  OTU_1313     48.80%    failed      0.07%
  31  OTU_6663     48.80%    failed      0.01%
  32  OTU_3494     48.80%    failed      0.04%
  33  OTU_3262     48.80%    failed      0.02%
  34  OTU_787      48.80%    failed      0.05%
  35  OTU_51507    48.80%    failed      0.03%
  36  OTU_1119     48.80%    failed      0.10%
  37  OTU_1865     48.80%    failed      0.26%
  38  OTU_1811     48.80%    failed      0.00%
  39  OTU_2089     48.80%    failed      0.00%
  40  OTU_3056     48.80%    failed      0.00%
  41  OTU_121      48.80%    failed      0.00%
  42  OTU_869      48.80%    failed      0.00%
  43  OTU_21094    48.80%    failed      0.00%
  44  OTU_2213     48.80%    failed      0.01%
  45  OTU_25       48.80%    failed      0.00%
  46  OTU_109      48.80%    failed      0.00%
  47  OTU_300      48.80%    failed      0.00%
  48  OTU_57       48.80%    failed      0.00%
  49  OTU_52467    48.80%    failed      0.00%
  50  OTU_4556     48.80%    failed      0.04%
  51  OTU_6941     48.80%    failed      0.01%
  52  OTU_1808     48.80%    failed      0.00%
  53  OTU_107      48.80%    failed      0.01%
  54  OTU_2867     48.80%    failed      0.00%
  55  OTU_4164     48.80%    failed      0.00%
  56  OTU_5374     48.80%    failed      0.00%
  57  OTU_24235    48.80%    failed      0.00%
  58  OTU_881      48.80%    failed      0.00%
  59  OTU_335      48.80%    failed      0.00%
  60  OTU_12       48.80%    failed      0.00%
  61  OTU_18630    48.80%    failed      0.00%
  62  OTU_4027     48.80%    failed      0.00%
  63  OTU_4468     48.80%    failed      0.00%
  64  OTU_15       49.12%    failed      0.00%
  65  OTU_187      48.80%    failed      0.00%
  66  OTU_1750     48.80%    failed      0.00%
  67  OTU_2        48.80%    failed      0.03%
  68  OTU_804      48.80%    failed      0.00%
  69  OTU_31111    48.80%    failed      0.00%
  70  OTU_1468     48.80%    failed      0.02%
  71  OTU_1127     48.80%    failed      0.00%
  72  OTU_771      48.80%    failed      0.00%
  73  OTU_148      48.80%    failed      0.00%
  74  OTU_10372    48.80%    failed      0.00%
  75  OTU_3039     48.80%    failed      0.00%
  76  OTU_10142    48.96%    failed      0.00%
  77  OTU_5799     48.80%    failed      0.00%
  78  OTU_3672     48.80%    failed      0.00%
  79  OTU_1150     48.80%    failed      0.02%
  80  OTU_7713     48.80%    failed      0.00%
  81  OTU_3661     48.80%    failed      0.00%
  82  OTU_21391    48.80%    failed      0.00%
  83  OTU_1        48.80%    failed      0.00%
  84  OTU_11362    48.80%    failed      0.02%
  85  OTU_1576     48.80%    failed      0.00%
  86  OTU_9525     48.80%    failed      0.00%
  87  OTU_1558     48.80%    failed      0.00%
  88  OTU_641      48.80%    failed      0.01%
  89  OTU_751      48.80%    failed      0.12%
  90  OTU_502      48.80%    failed      0.03%
  91  OTU_235      48.80%    failed      0.01%
  92  OTU_2381     49.12%    failed      0.01%
  93  OTU_1711     48.80%    failed      0.05%
  94  OTU_3026     48.80%    failed      0.08%
  95  OTU_147      48.80%    failed      0.00%
  96  OTU_6165     48.80%    failed      0.14%
  97  OTU_292      48.80%    failed      0.14%
  98  OTU_6872     48.80%    failed      0.07%
  99  OTU_821      48.80%    failed      0.11%
 100  OTU_53       48.80%    failed      0.05%
 101  OTU_507      48.80%    failed      0.39%
 102  OTU_533      48.80%    failed      0.07%
 103  OTU_1650     48.80%    failed      0.05%
 104  OTU_55       48.80%    failed      0.08%
 105  OTU_9094     48.80%    failed      0.33%
 106  OTU_224      48.80%    failed      0.11%
 107  OTU_666      48.80%    failed      0.05%
 108  OTU_114      48.80%    failed      0.01%
 109  OTU_7839     48.80%    failed      0.05%
 110  OTU_3291     48.80%    failed      0.02%
 111  OTU_629      48.80%    failed      0.05%
 112  OTU_1304     48.80%    failed      0.01%
 113  OTU_3633     49.44%    failed      0.06%
 114  OTU_1840     48.80%    failed      0.13%
 115  OTU_10       48.80%    failed      0.05%
 116  OTU_6815     48.80%    failed      0.07%
 117  OTU_201      48.80%    failed      0.19%
 118  OTU_5913     48.80%    failed      0.19%
 119  OTU_4        48.80%    failed      0.59%
 120  OTU_2181     48.80%    failed      0.08%
 121  OTU_967      48.80%    failed      0.13%
 122  OTU_1231     48.80%    failed      0.28%
 123  OTU_199      48.31%    passed     45.61%
 124  OTU_333      48.31%    passed     33.40%
 125  OTU_731      48.31%    passed     43.77%
 126  OTU_482      48.31%    passed     46.79%
 127  OTU_32       48.31%    passed      8.20%
 128  OTU_1357     48.31%    passed     43.11%
 129  OTU_16       48.31%    passed     55.42%
 130  OTU_129      48.80%    failed      2.86%
 131  OTU_2945     48.80%    passed      6.15%
 132  OTU_62       48.80%    passed      5.79%
 133  OTU_361      48.80%    passed      5.23%
 134  OTU_151      48.31%    passed     20.12%
 135  OTU_3180     48.31%    failed      2.58%
 136  OTU_21       48.31%    failed      1.35%
 137  OTU_6792     48.31%    failed      1.38%
 138  OTU_290      48.80%    passed     80.76%
 139  OTU_682      48.80%    passed     54.49%
 140  OTU_569      48.80%    passed     16.26%
 141  OTU_123      48.80%    passed     20.27%
 142  OTU_492      48.80%    passed     16.20%
 143  OTU_608      48.80%    passed     35.08%
 144  OTU_81390    48.80%    passed     50.51%
 145  OTU_399      59.07%    passed     23.87%
 146  OTU_669      48.80%    passed     49.30%
 147  OTU_815      48.80%    passed     43.39%
 148  OTU_20       48.80%    passed     69.00%
 149  OTU_402      48.80%    passed     80.12%
 150  OTU_19030    48.80%    passed     51.88%
 151  OTU_9800     48.80%    passed     43.23%
 152  OTU_32348    48.80%    passed     73.79%
 153  OTU_1665     48.80%    passed     71.64%
 154  OTU_5255     48.80%    passed     82.95%
 155  OTU_10707    48.80%    passed     42.49%
 156  OTU_4519     48.80%    passed     89.57%
 157  OTU_33988    48.80%    passed     71.09%
 158  OTU_2660     48.96%    passed     73.39%
 159  OTU_1209     48.80%    passed     73.79%
 160  OTU_1922     48.80%    passed     63.72%
 161  OTU_1152     48.80%    passed     76.16%
 162  OTU_29       48.80%    passed     61.96%
 163  OTU_101      48.80%    passed     72.68%
 164  OTU_2451     48.80%    passed     56.65%
 165  OTU_155      48.80%    passed     78.10%
 166  OTU_606      48.80%    passed     33.10%
 167  OTU_11       48.80%    passed     75.06%
 168  OTU_2364     48.80%    passed     75.98%
 169  OTU_1179     48.80%    passed     68.89%
 170  OTU_36093    48.80%    passed     64.89%
 171  OTU_7        48.80%    passed     75.32%
 172  OTU_1991     48.80%    passed     85.56%
 173  OTU_729      48.80%    passed     12.96%
 174  OTU_1136     48.80%    passed     26.26%
 175  OTU_3202     48.80%    passed     25.97%
 176  OTU_3874     48.80%    passed     10.56%
 177  OTU_7772     48.80%    failed      4.58%
 178  OTU_6797     48.80%    passed     12.68%
 179  OTU_358      48.80%    passed      9.97%
 180  OTU_741      48.80%    passed     21.02%
 181  OTU_6263     48.80%    passed     12.01%
 182  OTU_878      48.80%    passed     22.57%
 183  OTU_182      48.80%    passed     24.61%
 184  OTU_94460    30.50%    passed     23.90%
 185  OTU_6479     48.80%    passed     16.53%
 186  OTU_4057     48.80%    passed     34.98%
 187  OTU_14353    48.80%    passed     19.33%
 188  OTU_9171     48.80%    passed     20.07%
 189  OTU_55726    48.80%    passed     10.39%
 190  OTU_8753     48.80%    passed     16.38%
 191  OTU_17939    48.96%    passed     19.88%
 192  OTU_567      48.80%    passed     53.84%
 193  OTU_60       48.80%    passed     93.87%
 194  OTU_998      48.80%    passed     88.42%
 195  OTU_241      48.80%    passed     95.74%
 196  OTU_486      48.80%    passed     88.35%
 197  OTU_64       48.80%    passed     74.51%
 198  OTU_456      48.80%    passed     42.44%
 199  OTU_31432    48.80%    passed     55.19%
 200  OTU_7933     48.80%    passed     70.10%
 201  OTU_237      48.80%    passed     21.29%
 202  OTU_504      48.80%    passed     41.73%
 203  OTU_3252     48.80%    passed     67.25%
 204  OTU_6191     48.80%    passed     45.89%
 205  OTU_557      48.80%    passed     68.25%
 206  OTU_910      48.80%    passed     80.70%
 207  OTU_5461     48.80%    passed     79.50%
 208  OTU_430      48.80%    passed     48.49%
 209  OTU_234      48.80%    passed     55.92%
 210  OTU_1967     49.12%    passed     43.56%
 211  OTU_17069    48.80%    passed     43.05%
 212  OTU_75       48.80%    passed     51.59%
 213  OTU_63064    48.64%    passed     65.35%
 214  OTU_178      48.80%    passed     84.82%
 215  OTU_6490     48.80%    passed     66.08%
 216  OTU_611      48.80%    passed     37.45%
 217  OTU_74324    48.80%    passed     51.67%
 218  OTU_102      48.80%    passed     59.51%
 219  OTU_5779     48.80%    passed     37.21%
 220  OTU_961      48.80%    passed     79.85%
 221  OTU_6690     48.80%    passed     71.64%
 222  OTU_848      49.28%    passed     70.29%
 223  OTU_498      48.80%    passed     90.87%
 224  OTU_12608    49.12%    passed     93.06%
 225  OTU_976      50.08%    passed     35.38%
 226  OTU_408      48.96%    passed     44.97%
 227  OTU_1268     48.80%    passed     41.20%
 228  OTU_40       48.80%    passed     80.59%
 229  OTU_145      48.80%    passed     44.44%
 230  OTU_719      48.80%    passed     20.68%
 231  OTU_286      48.80%    passed     63.18%
 232  OTU_2463     48.80%    passed     41.94%
 233  OTU_2178     48.80%    passed     35.80%
 234  OTU_316      48.80%    passed      9.08%
 235  OTU_920      48.80%    passed     50.79%
 236  OTU_134      48.80%    passed     51.85%
 237  OTU_1141     48.80%    passed     31.89%
 238  OTU_10566    48.80%    passed     49.02%
 239  OTU_24570    48.80%    passed     60.52%
 240  OTU_156      48.80%    passed     13.45%
 241  OTU_6898     48.80%    passed     19.73%
 242  OTU_941      48.80%    passed     24.61%
 243  OTU_6503     48.80%    passed     38.95%
 244  OTU_278      48.80%    passed     21.38%
 245  OTU_1685     48.80%    passed     50.55%
 246  OTU_1914     48.80%    passed     11.36%
 247  OTU_24867    48.80%    passed     32.76%
 248  OTU_223      48.80%    passed     57.62%
 249  OTU_144332   48.80%    passed     36.70%
 250  OTU_644      48.80%    passed      7.69%
 251  OTU_2219     48.80%    passed     34.85%
 252  OTU_822      48.80%    passed     72.22%
 253  OTU_2879     48.80%    passed     15.33%
 254  OTU_4118     48.80%    passed     21.38%
 255  OTU_3357     48.80%    passed     34.98%
 256  OTU_198      48.80%    passed     38.12%
 257  OTU_742      48.80%    passed     54.09%
 258  OTU_1334     48.80%    passed     27.03%
 259  OTU_1499     48.80%    passed     30.00%
 260  OTU_36216    48.80%    passed     46.85%
 261  OTU_249      48.80%    passed     55.95%
 262  OTU_406      48.80%    passed     32.22%
 263  OTU_35567    48.80%    passed     26.16%
 264  OTU_1178     48.96%    passed     42.49%
 265  OTU_3430     48.80%    passed     49.06%
 266  OTU_44246    48.80%    passed     16.07%
 267  OTU_118      48.80%    passed     28.44%
 268  OTU_2542     48.80%    passed     49.17%
 269  OTU_99       49.92%    passed     37.80%
 270  OTU_177      48.80%    passed     26.16%
 271  OTU_542      48.80%    passed     37.49%
 272  OTU_5803     48.80%    passed     58.01%
 273  OTU_1672     48.80%    passed     44.82%
 274  OTU_120707   48.80%    passed     18.39%
 275  OTU_782      48.80%    passed     26.96%
 276  OTU_219      48.80%    passed     17.02%
 277  OTU_2943     48.80%    passed     18.49%
 278  OTU_852      49.76%    passed     17.51%
 279  OTU_4382     49.60%    passed     21.08%
 280  OTU_5294     48.80%    passed     32.65%
 281  OTU_5517     48.80%    passed     12.54%
 282  OTU_22209    48.80%    passed     20.62%
 283  OTU_2871     48.80%    passed     36.83%
 284  OTU_124205   48.80%    passed     35.67%
 285  OTU_1352     48.80%    passed     24.75%
 286  OTU_469      48.80%    passed     35.65%
 287  OTU_299      48.80%    passed     30.91%
 288  OTU_2904     48.80%    passed     53.91%
 289  OTU_1684     48.96%    passed     27.07%
 290  OTU_8482     48.80%    passed     18.18%
 291  OTU_73       48.80%    passed     23.61%
 292  OTU_86       48.80%    passed     21.02%
 293  OTU_841      48.80%    passed     28.97%
 294  OTU_3610     48.80%    passed     33.40%
 295  OTU_2638     48.80%    passed     28.21%
 296  OTU_5625     48.80%    passed     18.35%
 297  OTU_2002     48.80%    passed     44.44%
 298  OTU_3150     48.80%    passed     36.10%
 299  OTU_3652     48.80%    passed     70.10%
 300  OTU_8947     48.80%    passed     77.26%
 301  OTU_34322    48.80%    passed     38.80%
 302  OTU_32762    48.80%    passed     57.98%
 303  OTU_1656     48.80%    passed     27.61%
 304  OTU_136      48.80%    passed     31.73%
 305  OTU_513      49.28%    passed     77.87%
 306  OTU_1889     49.28%    passed     52.22%
 307  OTU_565      49.60%    passed     70.54%
 308  OTU_445      49.28%    passed     66.35%
 309  OTU_3688     49.28%    passed     51.36%
 310  OTU_48       48.80%    passed     58.25%
 311  OTU_1699     48.80%    passed     83.05%
 312  OTU_110784   48.80%    passed     31.36%
 313  OTU_772      48.80%    passed     28.20%
 314  OTU_391      48.80%    passed     58.25%
 315  OTU_1386     48.80%    passed     57.49%
 316  OTU_22324    48.80%    passed     21.29%
 317  OTU_659      48.80%    passed     19.73%
 318  OTU_60377    48.80%    passed     23.88%
 319  OTU_17       48.80%    passed     50.10%
 320  OTU_2465     48.80%    passed     32.86%
 321  OTU_3632     48.80%    passed     27.54%
 322  OTU_19163    38.04%    passed     19.71%
 323  OTU_2928     32.58%    passed     39.42%
 324  OTU_43697    48.80%    passed     30.08%
 325  OTU_3636     48.80%    passed     32.76%
 326  OTU_126      48.80%    passed     57.64%
 327  OTU_9020     48.80%    passed     28.77%
 328  OTU_2258     48.80%    passed     68.09%
 329  OTU_500      48.80%    passed     50.64%
 330  OTU_49431    48.80%    passed     50.10%
 331  OTU_67260    48.80%    passed     62.21%
 332  OTU_1324     48.80%    passed     74.79%
 333  OTU_193      48.80%    passed     60.34%
 334  OTU_984      48.80%    passed     58.44%
 335  OTU_3273     48.80%    passed     21.61%
 336  OTU_78       48.80%    passed     49.30%
 337  OTU_10806    48.80%    passed     28.77%
 338  OTU_181      48.80%    passed     71.49%
 339  OTU_216      48.80%    passed     89.62%
 340  OTU_413      51.69%    passed     17.70%
 341  OTU_247      48.80%    passed     78.52%
 342  OTU_5317     48.80%    passed     43.14%
 343  OTU_266      48.80%    passed     46.85%
 344  OTU_363      48.80%    passed     33.99%
 345  OTU_5433     38.20%    passed     14.28%
 346  OTU_394      48.80%    passed     27.49%
 347  OTU_3686     48.80%    passed     20.88%
 348  OTU_341      48.80%    passed     21.95%
 349  OTU_1066     48.80%    passed     67.43%
 350  OTU_1512     48.80%    passed     60.34%
 351  OTU_736      48.80%    passed     26.42%
 352  OTU_36       48.80%    passed     69.61%
 353  OTU_1046     48.80%    passed     81.00%
 354  OTU_51       48.80%    passed     27.59%
 355  OTU_2557     48.80%    passed     27.95%
 356  OTU_140      48.80%    passed     17.38%
 357  OTU_461      48.80%    passed     97.88%
 358  OTU_3177     48.80%    passed     32.88%
 359  OTU_678      48.80%    passed     32.43%
 360  OTU_22623    48.80%    passed     40.55%
 361  OTU_95       48.80%    passed     65.93%
 362  OTU_30       48.80%    passed     52.72%
 363  OTU_442      48.80%    passed     44.23%
 364  OTU_862      48.80%    passed     46.48%
 365  OTU_119      48.80%    passed     50.45%
 366  OTU_293      48.80%    passed     35.58%
 367  OTU_2598     48.80%    passed     33.60%
 368  OTU_501      48.64%    passed     52.44%
 369  OTU_1036     48.80%    passed     41.72%
 370  OTU_6838     48.80%    passed     48.81%
 371  OTU_777      48.80%    passed     66.03%
 372  OTU_914      48.80%    passed     55.65%
 373  OTU_1435     48.80%    passed     66.03%
 374  OTU_7787     48.80%    passed     71.08%
 375  OTU_2633     48.80%    passed     72.22%
 376  OTU_3040     48.80%    passed     86.54%
 377  OTU_3507     48.80%    passed     84.92%
 378  OTU_6569     48.64%    passed     63.17%
 379  OTU_4969     48.80%    passed     63.68%
 380  OTU_1776     48.80%    passed     77.07%
 381  OTU_893      48.80%    passed     84.92%
 382  OTU_1457     48.64%    passed     61.89%
 383  OTU_14       48.80%    passed     61.91%
 384  OTU_3310     48.80%    passed     70.79%
 385  OTU_5498     48.80%    passed     57.22%
 386  OTU_58383    50.08%    passed     83.54%
 387  OTU_1890     48.80%    passed     70.37%
 388  OTU_398      48.80%    passed     95.26%
 389  OTU_116      48.80%    passed     90.86%
 390  OTU_160      48.80%    passed     99.56%
 391  OTU_1305     48.80%    passed     84.88%
 392  OTU_326      48.80%    passed     94.61%
 393  OTU_1673     48.80%    passed     94.86%
 394  OTU_58       48.31%    passed     57.66%
 395  OTU_1395     48.80%    passed      7.85%
 396  OTU_1547     48.80%    passed      6.21%
 397  OTU_317      48.80%    passed     19.95%
 398  OTU_928      48.80%    passed     44.19%
 399  OTU_167      48.80%    passed      6.57%
 400  OTU_427      48.80%    passed     46.92%
 401  OTU_180      48.80%    passed     12.68%
 402  OTU_431      48.80%    passed     27.54%
 403  OTU_4306     48.80%    passed     10.74%
 404  OTU_314      48.80%    passed     74.37%
 405  OTU_5907     48.80%    passed     82.07%
 406  OTU_97       48.80%    passed     83.93%
 407  OTU_2009     48.80%    passed     31.22%
 408  OTU_15991    48.80%    passed     57.22%
 409  OTU_1476     48.80%    passed     70.49%
 410  OTU_1629     48.80%    passed     44.83%
 411  OTU_3883     48.80%    passed     70.37%
 412  OTU_6839     48.80%    passed     37.62%
 413  OTU_1140     48.80%    passed      9.04%
 414  OTU_404      48.80%    passed     70.37%
 415  OTU_2447     48.80%    passed     32.46%
 416  OTU_3737     48.80%    passed     66.68%
 417  OTU_54       48.80%    passed     70.23%
 418  OTU_210      48.80%    passed     22.71%
 419  OTU_863      48.80%    passed     51.40%
 420  OTU_39       48.80%    passed     53.84%
 421  OTU_41       48.80%    passed     29.62%
 422  OTU_703      48.80%    passed     59.05%
 423  OTU_2392     48.15%    passed     66.14%
 424  OTU_1294     48.80%    passed     72.46%
 425  OTU_672      48.80%    passed     51.40%
 426  OTU_85       48.80%    passed     79.45%
 427  OTU_66942    48.80%    passed     67.20%
 428  OTU_382      48.64%    passed     53.69%
 429  OTU_1450     48.80%    passed     25.47%
 430  OTU_71       48.80%    passed     60.41%
 431  OTU_820      48.80%    passed     72.42%
 432  OTU_1680     48.80%    passed     50.95%
 433  OTU_2536     34.19%    passed     48.59%
 434  OTU_10633    48.80%    passed     59.92%
 435  OTU_1592     48.80%    passed     75.79%
 436  OTU_2326     48.80%    passed     47.73%
 437  OTU_1597     48.80%    passed     47.74%
 438  OTU_9788     48.80%    passed     73.34%
 439  OTU_2574     48.80%    passed     56.33%
 440  OTU_35827    48.80%    passed     59.32%
 441  OTU_130      48.80%    passed     98.13%
 442  OTU_4178     48.80%    passed     14.13%
 443  OTU_1580     48.80%    passed     39.86%
 444  OTU_5596     48.80%    passed     45.40%
 445  OTU_3757     48.80%    passed     59.40%
 446  OTU_1978     48.80%    passed     67.82%
 447  OTU_2287     48.80%    passed     79.22%
 448  OTU_5234     48.80%    passed     58.16%
 449  OTU_2855     48.80%    passed     44.27%
 450  OTU_143      48.80%    passed     43.56%
 451  OTU_6182     48.80%    passed     53.49%
 452  OTU_131      48.80%    passed     66.94%
 453  OTU_28       48.80%    passed     62.71%
 454  OTU_215      48.80%    passed     59.81%
 455  OTU_3615     48.80%    passed     13.93%
 456  OTU_325      48.80%    passed     12.54%
 457  OTU_7462     48.80%    failed      2.56%
 458  OTU_253      48.80%    passed     26.16%
 459  OTU_833      48.80%    passed     13.45%
 460  OTU_1229     48.80%    passed     39.12%
 461  OTU_158      48.80%    passed     12.41%
 462  OTU_463      48.80%    passed     11.11%
 463  OTU_50       48.80%    passed     50.32%
 464  OTU_226      48.80%    passed     97.57%
 465  OTU_757      48.80%    passed     51.80%
 466  OTU_520      48.80%    passed     57.38%
 467  OTU_3373     48.80%    passed     38.81%
 468  OTU_66       48.80%    passed     56.18%
 469  OTU_3368     48.96%    passed     40.09%
 470  OTU_90       48.80%    passed     56.40%
 471  OTU_526      37.88%    passed     29.97%
 472  OTU_1528     48.80%    passed     23.85%
 473  OTU_2443     43.66%    passed     39.43%
 474  OTU_551      48.80%    passed     84.82%
 475  OTU_5355     48.80%    passed     38.27%
 476  OTU_9095     48.80%    passed     24.03%
 477  OTU_453      48.80%    passed     13.62%
 478  OTU_1074     48.80%    passed     21.57%
 479  OTU_61576    48.80%    passed     28.74%
 480  OTU_2409     48.80%    passed     39.14%
 481  OTU_1146     48.80%    passed     59.92%
 482  OTU_2482     48.80%    passed     68.03%
 483  OTU_12655    48.80%    passed     50.28%
 484  OTU_24173    48.80%    passed     83.24%
 485  OTU_1902     48.80%    passed     71.66%
 486  OTU_5532     48.80%    passed     54.65%
 487  OTU_392      43.50%    passed     65.58%
 488  OTU_22       48.80%    passed     52.71%
 489  OTU_896      33.87%    passed     74.29%
 490  OTU_209      48.80%    passed     63.04%
 491  OTU_796      48.80%    passed     23.33%
 492  OTU_604      48.80%    passed     68.46%
 493  OTU_4300     48.80%    passed     15.78%
 494  OTU_196      48.80%    passed     17.37%
 495  OTU_310      48.80%    passed     94.54%
 496  OTU_283      48.80%    passed     52.38%
 497  OTU_460      48.80%    passed     53.11%
 498  OTU_386      48.80%    passed     26.91%
 499  OTU_1325     48.80%    passed     16.97%
 500  OTU_265      48.80%    passed     29.65%
 501  OTU_1200     48.80%    passed     41.39%
 502  OTU_312      48.80%    passed     39.39%
 503  OTU_16296    48.80%    passed     23.33%
 504  OTU_2424     48.80%    passed     14.60%
 505  OTU_1309     48.80%    passed     29.77%
 506  OTU_4986     48.80%    passed     31.08%
 507  OTU_38       48.80%    passed     23.40%
WARNING: 4 sequences contain more than 50% gaps/ambiguity
****  TOTAL        48.62%  127 sequences failed composition chi2 test (p-value<5%; df=3)


Create initial parsimony tree by phylogenetic likelihood library (PLL)... 0.109 seconds
NOTE: ModelFinder requires 77 MB RAM!
ModelFinder will test 286 DNA models (sample size: 623) ...
 No. Model         -LnL         df  AIC          AICc         BIC
Measuring multi-threading efficiency up to 16 CPU cores
Increase to 10 rounds for branch lengths
68 trees examined
Threads: 1 / Time: 16.064 sec / Speedup: 1.000 / Efficiency: 100% / LogL: -95705
Threads: 2 / Time: 13.865 sec / Speedup: 1.159 / Efficiency: 58% / LogL: -95705
Threads: 3 / Time: 13.116 sec / Speedup: 1.225 / Efficiency: 41% / LogL: -95705
BEST NUMBER OF THREADS: 2

  1  JC            33348.798    1011 68719.597    2114983.597  73202.923
  2  JC+I          33172.067    1012 68368.135    2118680.135  72855.896
  3  JC+G4         30661.240    1012 63346.481    2113658.481  67834.242
  4  JC+I+G4       30655.712    1013 63337.424    2117701.424  67829.619
  5  JC+R2         31013.199    1013 64052.398    2118416.398  68544.594
  6  JC+R3         30681.559    1015 63393.119    2125873.119  67894.184
  7  JC+R4         30615.538    1017 63265.077    2133877.077  67775.011
  8  JC+R5         30582.259    1019 63202.517    2141962.517  67721.320
  9  JC+R6         30572.628    1021 63187.256    2150111.256  67714.928
 10  JC+R7         30572.504    1023 63191.008    2158295.008  67727.549
 14  F81+F         33460.958    1014 68949.916    2127369.916  73446.546
 15  F81+F+I       33285.895    1015 68601.790    2131081.790  73102.855
 16  F81+F+G4      30680.907    1015 63391.813    2125871.813  67892.878
 17  F81+F+I+G4    30675.967    1016 63383.935    2129927.935  67889.434
 18  F81+F+R2      31028.293    1016 64088.586    2130632.586  68594.085
 19  F81+F+R3      30708.914    1018 63453.828    2138137.828  67968.196
 20  F81+F+R4      30632.104    1020 63304.208    2146144.208  67827.445
 21  F81+F+R5      30597.870    1022 63239.741    2154251.741  67771.847
 22  F81+F+R6      30589.132    1024 63226.264    2162426.264  67767.240
 23  F81+F+R7      30588.538    1026 63229.077    2170633.077  67778.921
 27  K2P           32960.047    1012 67944.095    2118256.095  72431.856
 28  K2P+I         32782.736    1013 67591.472    2121955.472  72083.668
 29  K2P+G4        30245.757    1013 62517.513    2116881.513  67009.709
 30  K2P+I+G4      30240.177    1014 62508.355    2120928.355  67004.985
 31  K2P+R2        30582.411    1014 63192.822    2121612.822  67689.453
 32  K2P+R3        30268.017    1016 62568.033    2129112.033  67073.533
 33  K2P+R4        30201.224    1018 62438.448    2137122.448  66952.816
 34  K2P+R5        30165.773    1020 62371.546    2145211.546  66894.784
 35  K2P+R6        30156.349    1022 62356.698    2153368.698  66888.804
 36  K2P+R7        30156.104    1024 62360.208    2161560.208  66901.184
 40  HKY+F         33028.277    1015 68086.555    2130566.555  72587.620
 41  HKY+F+I       32850.234    1016 67732.469    2134276.469  72237.968
 42  HKY+F+G4      30143.722    1016 62319.444    2128863.444  66824.943
 43  HKY+F+I+G4    30138.058    1017 62310.115    2132922.115  66820.049
 44  HKY+F+R2      30498.307    1017 63030.613    2133642.613  67540.547
 45  HKY+F+R3      30180.007    1019 62398.015    2141158.015  66916.818
 46  HKY+F+R4      30089.229    1021 62220.458    2149144.458  66748.130
 47  HKY+F+R5      30054.671    1023 62155.343    2157259.343  66691.884
 48  HKY+F+R6      30047.053    1025 62144.106    2165444.106  66689.516
 49  HKY+F+R7      30046.296    1027 62146.592    2173658.592  66700.871
 53  TNe           32866.053    1013 67758.106    2122122.106  72250.301
 54  TNe+I         32707.040    1014 67442.081    2125862.081  71938.711
 55  TNe+G4        30226.010    1014 62480.019    2120900.019  66976.650
 56  TNe+I+G4      30221.203    1015 62472.407    2124952.407  66973.472
 57  TNe+R2        30567.916    1015 63165.831    2125645.831  67666.896
 58  TNe+R3        30250.479    1017 62534.957    2133146.957  67044.891
 59  TNe+R4        30183.548    1019 62405.095    2141165.095  66923.898
 60  TNe+R5        30151.529    1021 62345.058    2149269.058  66872.730
 61  TNe+R6        30141.385    1023 62328.770    2157432.770  66865.311
 62  TNe+R7        30141.375    1025 62332.751    2165632.751  66878.161
 66  TN+F          32904.733    1016 67841.467    2134385.467  72346.966
 67  TN+F+I        32745.537    1017 67525.074    2138137.074  72035.008
 68  TN+F+G4       30097.921    1017 62229.842    2132841.842  66739.775
 69  TN+F+I+G4     30093.587    1018 62223.174    2136907.174  66737.542
 70  TN+F+R2       30471.836    1018 62979.673    2137663.673  67494.041
 71  TN+F+R3       30142.460    1020 62324.919    2145164.919  66848.157
 72  TN+F+R4       30052.428    1022 62148.856    2153160.856  66680.963
 73  TN+F+R5       30021.608    1024 62091.217    2161291.217  66632.192
 74  TN+F+R6       30011.435    1026 62074.871    2169478.871  66624.716
 75  TN+F+R7       30011.308    1028 62078.616    2177702.616  66637.329
 79  K3P           32919.071    1013 67864.142    2122228.142  72356.338
 80  K3P+I         32741.699    1014 67511.397    2125931.397  72008.027
 81  K3P+G4        30210.710    1014 62449.420    2120869.420  66946.050
 82  K3P+I+G4      30205.256    1015 62440.512    2124920.512  66941.577
 83  K3P+R2        30541.992    1015 63113.984    2125593.984  67615.049
 84  K3P+R3        30232.074    1017 62498.148    2133110.148  67008.082
 85  K3P+R4        30165.947    1019 62369.894    2141129.894  66888.697
 86  K3P+R5        30131.223    1021 62304.445    2149228.445  66832.117
 87  K3P+R6        30121.887    1023 62289.774    2157393.774  66826.315
 88  K3P+R7        30121.796    1025 62293.592    2165593.592  66839.002
 92  K3Pu+F        33004.405    1016 68040.810    2134584.810  72546.310
 93  K3Pu+F+I      32826.587    1017 67687.175    2138299.175  72197.109
 94  K3Pu+F+G4     30139.027    1017 62312.053    2132924.053  66821.987
 95  K3Pu+F+I+G4   30133.623    1018 62303.246    2136987.246  66817.615
 96  K3Pu+F+R2     30490.718    1018 63017.435    2137701.435  67531.803
 97  K3Pu+F+R3     30173.842    1020 62387.685    2145227.685  66910.922
 98  K3Pu+F+R4     30085.226    1022 62214.453    2153226.453  66746.559
 99  K3Pu+F+R5     30050.561    1024 62149.122    2161349.122  66690.097
100  K3Pu+F+R6     30042.873    1026 62137.746    2169541.746  66687.591
101  K3Pu+F+R7     30042.779    1028 62141.558    2177765.558  66700.272
105  TPM2+F        32991.973    1016 68015.947    2134559.947  72521.446
106  TPM2+F+I      32810.871    1017 67655.742    2138267.742  72165.675
107  TPM2+F+G4     30134.719    1017 62303.437    2132915.437  66813.371
108  TPM2+F+I+G4   30129.507    1018 62295.015    2136979.015  66809.383
109  TPM2+F+R2     30481.931    1018 62999.863    2137683.863  67514.231
110  TPM2+F+R3     30165.102    1020 62370.203    2145210.203  66893.441
111  TPM2+F+R4     30081.077    1022 62206.153    2153218.153  66738.260
112  TPM2+F+R5     30045.133    1024 62138.267    2161338.267  66679.243
113  TPM2+F+R6     30037.154    1026 62126.309    2169530.309  66676.154
114  TPM2+F+R7     30037.134    1028 62130.268    2177754.268  66688.982
118  TPM2u+F       32991.977    1016 68015.955    2134559.955  72521.454
119  TPM2u+F+I     32810.876    1017 67655.752    2138267.752  72165.685
120  TPM2u+F+G4    30134.722    1017 62303.445    2132915.445  66813.378
121  TPM2u+F+I+G4  30129.512    1018 62295.024    2136979.024  66809.392
122  TPM2u+F+R2    30481.909    1018 62999.818    2137683.818  67514.186
123  TPM2u+F+R3    30165.085    1020 62370.170    2145210.170  66893.408
124  TPM2u+F+R4    30081.043    1022 62206.086    2153218.086  66738.192
125  TPM2u+F+R5    30045.032    1024 62138.063    2161338.063  66679.039
126  TPM2u+F+R6    30037.103    1026 62126.206    2169530.206  66676.050
127  TPM2u+F+R7    30037.082    1028 62130.163    2177754.163  66688.877
131  TPM3+F        32952.535    1016 67937.069    2134481.069  72442.569
132  TPM3+F+I      32780.436    1017 67594.872    2138206.872  72104.806
133  TPM3+F+G4     30143.307    1017 62320.615    2132932.615  66830.549
134  TPM3+F+I+G4   30137.699    1018 62311.398    2136995.398  66825.766
135  TPM3+F+R2     30497.760    1018 63031.521    2137715.521  67545.889
136  TPM3+F+R3     30178.898    1020 62397.796    2145237.796  66921.034
137  TPM3+F+R4     30088.949    1022 62221.899    2153233.899  66754.005
138  TPM3+F+R5     30054.345    1024 62156.689    2161356.689  66697.665
139  TPM3+F+R6     30046.802    1026 62145.604    2169549.604  66695.448
140  TPM3+F+R7     30046.741    1028 62149.482    2177773.482  66708.196
144  TPM3u+F       32952.539    1016 67937.078    2134481.078  72442.577
145  TPM3u+F+I     32780.440    1017 67594.879    2138206.879  72104.813
146  TPM3u+F+G4    30143.310    1017 62320.620    2132932.620  66830.554
147  TPM3u+F+I+G4  30137.756    1018 62311.513    2136995.513  66825.881
148  TPM3u+F+R2    30497.758    1018 63031.515    2137715.515  67545.884
149  TPM3u+F+R3    30178.901    1020 62397.801    2145237.801  66921.039
150  TPM3u+F+R4    30088.946    1022 62221.891    2153233.891  66753.998
151  TPM3u+F+R5    30054.266    1024 62156.532    2161356.532  66697.508
152  TPM3u+F+R6    30046.741    1026 62145.482    2169549.482  66695.326
153  TPM3u+F+R7    30046.682    1028 62149.364    2177773.364  66708.078
157  TIMe          32824.073    1014 67676.147    2126096.147  72172.777
158  TIMe+I        32665.038    1015 67360.075    2129840.075  71861.140
159  TIMe+G4       30190.734    1015 62411.467    2124891.467  66912.532
160  TIMe+I+G4     30185.955    1016 62403.909    2128947.909  66909.408
161  TIMe+R2       30528.041    1016 63088.083    2129632.083  67593.582
162  TIMe+R3       30214.264    1018 62464.528    2137148.528  66978.896
163  TIMe+R4       30148.016    1020 62336.032    2145176.032  66859.270
164  TIMe+R5       30116.619    1022 62277.238    2153289.238  66809.345
165  TIMe+R6       30106.449    1024 62260.899    2161460.899  66801.875
166  TIMe+R7       30106.437    1026 62264.875    2169668.875  66814.719
170  TIM+F         32880.425    1017 67794.850    2138406.850  72304.784
171  TIM+F+I       32721.492    1018 67478.984    2142162.984  71993.352
172  TIM+F+G4      30092.987    1018 62221.974    2136905.974  66736.342
173  TIM+F+I+G4    30088.698    1019 62215.396    2140975.396  66734.199
174  TIM+F+R2      30463.760    1019 62965.520    2141725.520  67484.323
175  TIM+F+R3      30136.050    1021 62314.101    2149238.101  66841.773
176  TIM+F+R4      30048.132    1023 62142.264    2157246.264  66678.805
177  TIM+F+R5      30017.125    1025 62084.250    2165384.250  66629.660
178  TIM+F+R6      30006.901    1027 62067.802    2173579.802  66622.081
179  TIM+F+R7      30006.822    1029 62071.643    2181811.643  66634.792
183  TIM2e         32771.472    1014 67570.945    2125990.945  72067.575
184  TIM2e+I       32605.618    1015 67241.236    2129721.236  71742.301
185  TIM2e+G4      30160.879    1015 62351.759    2124831.759  66852.823
186  TIM2e+I+G4    30155.378    1016 62342.756    2128886.756  66848.255
187  TIM2e+R2      30480.164    1016 62992.328    2129536.328  67497.828
188  TIM2e+R3      30180.485    1018 62396.970    2137080.970  66911.339
189  TIM2e+R4      30116.103    1020 62272.206    2145112.206  66795.444
190  TIM2e+R5      30085.315    1022 62214.630    2153226.630  66746.737
191  TIM2e+R6      30075.656    1024 62199.312    2161399.312  66740.288
192  TIM2e+R7      30075.626    1026 62203.253    2169607.253  66753.097
196  TIM2+F        32868.652    1017 67771.304    2138383.304  72281.237
197  TIM2+F+I      32706.446    1018 67448.893    2142132.893  71963.261
198  TIM2+F+G4     30088.877    1018 62213.753    2136897.753  66728.121
199  TIM2+F+I+G4   30084.496    1019 62206.992    2140966.992  66725.794
200  TIM2+F+R2     30451.641    1019 62941.282    2141701.282  67460.085
201  TIM2+F+R3     30127.838    1021 62297.676    2149221.676  66825.348
202  TIM2+F+R4     30043.841    1023 62133.682    2157237.682  66670.223
203  TIM2+F+R5     30011.849    1025 62073.698    2165373.698  66619.109
204  TIM2+F+R6     30001.816    1027 62057.633    2173569.633  66611.912
205  TIM2+F+R7     30001.790    1029 62061.579    2181801.579  66624.728
209  TIM3e         32713.323    1014 67454.646    2125874.646  71951.276
210  TIM3e+I       32564.630    1015 67159.260    2129639.260  71660.325
211  TIM3e+G4      30197.928    1015 62425.855    2124905.855  66926.920
212  TIM3e+I+G4    30193.785    1016 62419.571    2128963.571  66925.070
213  TIM3e+R2      30541.926    1016 63115.851    2129659.851  67621.350
214  TIM3e+R3      30219.417    1018 62474.834    2137158.834  66989.202
215  TIM3e+R4      30159.591    1020 62359.182    2145199.182  66882.420
216  TIM3e+R5      30129.283    1022 62302.566    2153314.566  66834.672
217  TIM3e+R6      30118.590    1024 62285.179    2161485.179  66826.155
218  TIM3e+R7      30118.565    1026 62289.130    2169693.130  66838.975
222  TIM3+F        32827.490    1017 67688.980    2138300.980  72198.914
223  TIM3+F+I      32674.461    1018 67384.921    2142068.921  71899.290
224  TIM3+F+G4     30097.284    1018 62230.568    2136914.568  66744.936
225  TIM3+F+I+G4   30092.964    1019 62223.929    2140983.929  66742.732
226  TIM3+F+R2     30471.484    1019 62980.969    2141740.969  67499.772
227  TIM3+F+R3     30141.062    1021 62324.125    2149248.125  66851.797
228  TIM3+F+R4     30052.361    1023 62150.722    2157254.722  66687.263
229  TIM3+F+R5     30021.499    1025 62092.998    2165392.998  66638.408
230  TIM3+F+R6     30011.447    1027 62076.894    2173588.894  66631.174
231  TIM3+F+R7     30011.392    1029 62080.785    2181820.785  66643.933
235  TVMe          32709.025    1015 67448.049    2129928.049  71949.114
236  TVMe+I        32534.733    1016 67101.466    2133645.466  71606.965
237  TVMe+G4       30142.553    1016 62317.105    2128861.105  66822.604
238  TVMe+I+G4     30136.822    1017 62307.644    2132919.644  66817.578
239  TVMe+R2       30459.957    1017 62953.914    2133565.914  67463.847
240  TVMe+R3       30159.911    1019 62357.823    2141117.823  66876.626
241  TVMe+R4       30101.276    1021 62244.553    2149168.553  66772.225
242  TVMe+R5       30069.081    1023 62184.162    2157288.162  66720.703
243  TVMe+R6       30059.236    1025 62168.473    2165468.473  66713.883
244  TVMe+R7       30059.213    1027 62172.425    2173684.425  66726.705
248  TVM+F         32914.454    1018 67864.908    2142548.908  72379.277
249  TVM+F+I       32739.358    1019 67516.717    2146276.717  72035.520
250  TVM+F+G4      30133.187    1019 62304.375    2141064.375  66823.178
251  TVM+F+I+G4    30128.012    1020 62296.023    2145136.023  66819.261
252  TVM+F+R2      30480.129    1020 63000.257    2145840.257  67523.494
253  TVM+F+R3      30163.436    1022 62370.872    2153382.872  66902.978
254  TVM+F+R4      30079.974    1024 62207.947    2161407.947  66748.923
255  TVM+F+R5      30044.416    1026 62140.832    2169544.832  66690.677
256  TVM+F+R6      30036.480    1028 62128.961    2177752.961  66687.674
257  TVM+F+R7      30036.469    1030 62132.938    2185992.938  66700.521
261  SYM           32613.682    1016 67259.364    2133803.364  71764.863
262  SYM+I         32457.965    1017 66949.931    2137561.931  71459.864
263  SYM+G4        30123.458    1017 62280.917    2132892.917  66790.851
264  SYM+I+G4      30118.585    1018 62273.170    2136957.170  66787.538
265  SYM+R2        30445.199    1018 62926.397    2137610.397  67440.766
266  SYM+R3        30140.350    1020 62320.699    2145160.699  66843.937
267  SYM+R4        30083.824    1022 62211.648    2153223.648  66743.755
268  SYM+R5        30053.936    1024 62155.872    2161355.872  66696.848
269  SYM+R6        30043.463    1026 62138.925    2169542.925  66688.770
270  SYM+R7        30043.460    1028 62142.920    2177766.920  66701.634
274  GTR+F         32790.590    1019 67619.180    2146379.180  72137.982
275  GTR+F+I       32634.537    1020 67309.075    2150149.075  71832.312
276  GTR+F+G4      30087.105    1020 62214.209    2145054.209  66737.446
277  GTR+F+I+G4    30082.751    1021 62207.503    2149131.503  66735.175
278  GTR+F+R2      30449.895    1021 62941.790    2149865.790  67469.462
279  GTR+F+R3      30125.375    1023 62296.750    2157400.750  66833.291
280  GTR+F+R4      30042.731    1025 62135.462    2165435.462  66680.872
281  GTR+F+R5      30010.913    1027 62075.827    2173587.827  66630.106
282  GTR+F+R6      30000.874    1029 62059.748    2181799.748  66622.897
283  GTR+F+R7      30000.764    1031 62063.528    2190047.528  66635.545
Akaike Information Criterion:           TIM2+F+R6
Corrected Akaike Information Criterion: JC+G4
Bayesian Information Criterion:         TIM2+F+R6
Best-fit model: TIM2+F+R6 chosen according to BIC

All model information printed to iqtree/select_OTU_moss.model.gz
CPU time for ModelFinder: 519.312 seconds (0h:8m:39s)
Wall-clock time for ModelFinder: 354.701 seconds (0h:5m:54s)
Generating 1000 samples for ultrafast bootstrap (seed: 841054)...

NOTE: 47 MB RAM (0 GB) is required!
Measuring multi-threading efficiency up to 16 CPU cores
Increase to 10 rounds for branch lengths
29 trees examined
Threads: 1 / Time: 16.197 sec / Speedup: 1.000 / Efficiency: 100% / LogL: -74711
Threads: 2 / Time: 12.075 sec / Speedup: 1.341 / Efficiency: 67% / LogL: -74711
Threads: 3 / Time: 10.907 sec / Speedup: 1.485 / Efficiency: 49% / LogL: -74711
BEST NUMBER OF THREADS: 2

Estimate model parameters (epsilon = 0.100)
1. Initial log-likelihood: -30657.309
2. Current log-likelihood: -30012.636
3. Current log-likelihood: -30002.390
4. Current log-likelihood: -30001.901
5. Current log-likelihood: -30001.777
Optimal log-likelihood: -30001.689
Rate parameters:  A-C: 0.81778  A-G: 1.90524  A-T: 0.81778  C-G: 1.00000  C-T: 2.81835  G-T: 1.00000
Base frequencies:  A: 0.207  C: 0.283  G: 0.312  T: 0.198
Site proportion and rates:  (0.347,0.096) (0.107,0.314) (0.113,0.672) (0.177,1.210) (0.161,2.010) (0.096,3.342)
Parameters optimization took 5 rounds (4.824 sec)
Computing ML distances based on estimated model parameters... 2.547 sec
Computing BIONJ tree...
0.294 seconds
Log-likelihood of BIONJ tree: -30628.896
--------------------------------------------------------------------
|             INITIALIZING CANDIDATE TREE SET                      |
--------------------------------------------------------------------
Generating 98 parsimony trees... 9.879 second
Computing log-likelihood of 98 initial trees ... 9.834 seconds
Current best score: -29950.902

Do NNI search on 20 best initial trees
Estimate model parameters (epsilon = 0.100)
BETTER TREE FOUND at iteration 1: -29812.335
Estimate model parameters (epsilon = 0.100)
BETTER TREE FOUND at iteration 2: -29793.548
Iteration 10 / LogL: -29856.464 / Time: 0h:2m:11s
Estimate model parameters (epsilon = 0.100)
BETTER TREE FOUND at iteration 15: -29787.079
Iteration 20 / LogL: -29860.845 / Time: 0h:3m:7s
Finish initializing candidate tree set (20)
Current best tree score: -29787.079 / CPU time: 140.283
Number of iterations: 20
--------------------------------------------------------------------
|               OPTIMIZING CANDIDATE TREE SET                      |
--------------------------------------------------------------------
Estimate model parameters (epsilon = 0.100)
BETTER TREE FOUND at iteration 25: -29781.825
Estimate model parameters (epsilon = 0.100)
BETTER TREE FOUND at iteration 30: -29775.013
Iteration 30 / LogL: -29775.013 / Time: 0h:3m:39s (0h:12m:38s left)
Estimate model parameters (epsilon = 0.100)
BETTER TREE FOUND at iteration 35: -29770.453
Iteration 40 / LogL: -29787.818 / Time: 0h:4m:10s (0h:10m:9s left)
Estimate model parameters (epsilon = 0.100)
BETTER TREE FOUND at iteration 50: -29765.279
Iteration 50 / LogL: -29765.279 / Time: 0h:4m:40s (0h:9m:31s left)
Log-likelihood cutoff on original alignment: -29908.371
Estimate model parameters (epsilon = 0.100)
BETTER TREE FOUND at iteration 53: -29754.894
Iteration 60 / LogL: -29787.571 / Time: 0h:5m:11s (0h:8m:11s left)
Estimate model parameters (epsilon = 0.100)
BETTER TREE FOUND at iteration 65: -29752.434
Iteration 70 / LogL: -29755.212 / Time: 0h:5m:42s (0h:7m:51s left)
Estimate model parameters (epsilon = 0.100)
BETTER TREE FOUND at iteration 72: -29744.279
Estimate model parameters (epsilon = 0.100)
BETTER TREE FOUND at iteration 76: -29735.234
Iteration 80 / LogL: -29794.659 / Time: 0h:6m:14s (0h:7m:35s left)
Estimate model parameters (epsilon = 0.100)
BETTER TREE FOUND at iteration 84: -29731.658
Estimate model parameters (epsilon = 0.100)
BETTER TREE FOUND at iteration 85: -29715.262
Iteration 90 / LogL: -29744.057 / Time: 0h:6m:44s (0h:7m:11s left)
Iteration 100 / LogL: -29730.964 / Time: 0h:7m:14s (0h:6m:12s left)
Log-likelihood cutoff on original alignment: -29889.305
NOTE: Bootstrap correlation coefficient of split occurrence frequencies: 0.930
NOTE: UFBoot does not converge, continue at least 100 more iterations
Estimate model parameters (epsilon = 0.100)
BETTER TREE FOUND at iteration 110: -29703.812
Iteration 110 / LogL: -29703.812 / Time: 0h:7m:46s (0h:7m:8s left)
Iteration 120 / LogL: -29725.906 / Time: 0h:8m:15s (0h:6m:14s left)
Iteration 130 / LogL: -29719.596 / Time: 0h:8m:46s (0h:5m:26s left)
Iteration 140 / LogL: -29724.508 / Time: 0h:9m:16s (0h:4m:40s left)
Estimate model parameters (epsilon = 0.100)
BETTER TREE FOUND at iteration 146: -29699.740
Iteration 150 / LogL: -29750.087 / Time: 0h:9m:47s (0h:6m:18s left)
Log-likelihood cutoff on original alignment: -29889.305
Estimate model parameters (epsilon = 0.100)
BETTER TREE FOUND at iteration 151: -29697.367
Estimate model parameters (epsilon = 0.100)
BETTER TREE FOUND at iteration 156: -29696.829
Iteration 160 / LogL: -29738.671 / Time: 0h:10m:23s (0h:6m:16s left)
Estimate model parameters (epsilon = 0.100)
BETTER TREE FOUND at iteration 166: -29692.071
Iteration 170 / LogL: -29734.560 / Time: 0h:10m:59s (0h:6m:14s left)
Iteration 180 / LogL: -29726.698 / Time: 0h:11m:28s (0h:5m:30s left)
Iteration 190 / LogL: -29707.544 / Time: 0h:11m:55s (0h:4m:47s left)
Estimate model parameters (epsilon = 0.100)
BETTER TREE FOUND at iteration 192: -29689.903
Iteration 200 / LogL: -29723.771 / Time: 0h:12m:28s (0h:5m:46s left)
Log-likelihood cutoff on original alignment: -29889.305
NOTE: Bootstrap correlation coefficient of split occurrence frequencies: 0.958
NOTE: UFBoot does not converge, continue at least 100 more iterations
Estimate model parameters (epsilon = 0.100)
BETTER TREE FOUND at iteration 204: -29687.435
Iteration 210 / LogL: -29701.739 / Time: 0h:13m:1s (0h:5m:51s left)
Iteration 220 / LogL: -29711.784 / Time: 0h:13m:30s (0h:5m:10s left)
Estimate model parameters (epsilon = 0.100)
BETTER TREE FOUND at iteration 221: -29686.813
Estimate model parameters (epsilon = 0.100)
BETTER TREE FOUND at iteration 230: -29685.031
Iteration 230 / LogL: -29685.031 / Time: 0h:14m:3s (0h:6m:8s left)
Iteration 240 / LogL: -29698.838 / Time: 0h:14m:32s (0h:5m:28s left)
Iteration 250 / LogL: -29713.897 / Time: 0h:15m:1s (0h:4m:49s left)
Log-likelihood cutoff on original alignment: -29861.704
Iteration 260 / LogL: -29731.985 / Time: 0h:15m:32s (0h:4m:12s left)
Iteration 270 / LogL: -29718.175 / Time: 0h:16m:1s (0h:3m:34s left)
Estimate model parameters (epsilon = 0.100)
BETTER TREE FOUND at iteration 274: -29682.814
Iteration 280 / LogL: -29696.631 / Time: 0h:16m:29s (0h:5m:33s left)
Iteration 290 / LogL: -29723.236 / Time: 0h:16m:58s (0h:4m:55s left)
Iteration 300 / LogL: -29703.196 / Time: 0h:17m:26s (0h:4m:18s left)
Log-likelihood cutoff on original alignment: -29861.704
NOTE: Bootstrap correlation coefficient of split occurrence frequencies: 0.947
NOTE: UFBoot does not converge, continue at least 100 more iterations
Iteration 310 / LogL: -29715.722 / Time: 0h:17m:57s (0h:5m:13s left)
Iteration 320 / LogL: -29701.263 / Time: 0h:18m:27s (0h:4m:37s left)
Iteration 330 / LogL: -29717.714 / Time: 0h:18m:59s (0h:4m:2s left)
Estimate model parameters (epsilon = 0.100)
BETTER TREE FOUND at iteration 334: -29676.712
Iteration 340 / LogL: -29693.642 / Time: 0h:19m:31s (0h:5m:24s left)
Iteration 350 / LogL: -29690.901 / Time: 0h:20m:2s (0h:4m:49s left)
Log-likelihood cutoff on original alignment: -29861.704
Iteration 360 / LogL: -29800.706 / Time: 0h:20m:35s (0h:4m:14s left)
Iteration 370 / LogL: -29695.024 / Time: 0h:21m:7s (0h:3m:39s left)
Iteration 380 / LogL: -29705.980 / Time: 0h:21m:36s (0h:3m:4s left)
Iteration 390 / LogL: -29693.802 / Time: 0h:22m:6s (0h:2m:30s left)
Iteration 400 / LogL: -29711.101 / Time: 0h:22m:38s (0h:1m:55s left)
Log-likelihood cutoff on original alignment: -29861.704
NOTE: Bootstrap correlation coefficient of split occurrence frequencies: 0.974
NOTE: UFBoot does not converge, continue at least 100 more iterations
Iteration 410 / LogL: -29749.386 / Time: 0h:23m:9s (0h:5m:5s left)
Estimate model parameters (epsilon = 0.100)
BETTER TREE FOUND at iteration 412: -29675.501
Iteration 420 / LogL: -29698.223 / Time: 0h:23m:41s (0h:5m:12s left)
Iteration 430 / LogL: -29709.035 / Time: 0h:24m:14s (0h:4m:38s left)
Iteration 440 / LogL: -29720.576 / Time: 0h:24m:45s (0h:4m:3s left)
Iteration 450 / LogL: -29693.166 / Time: 0h:25m:19s (0h:3m:29s left)
Log-likelihood cutoff on original alignment: -29861.704
Estimate model parameters (epsilon = 0.100)
BETTER TREE FOUND at iteration 459: -29673.788
Iteration 460 / LogL: -29702.315 / Time: 0h:25m:54s (0h:5m:35s left)
Iteration 470 / LogL: -29693.265 / Time: 0h:26m:24s (0h:5m:0s left)
Iteration 480 / LogL: -29677.086 / Time: 0h:26m:56s (0h:4m:26s left)
Iteration 490 / LogL: -29698.225 / Time: 0h:27m:28s (0h:3m:52s left)
Iteration 500 / LogL: -29682.005 / Time: 0h:27m:59s (0h:3m:18s left)
Log-likelihood cutoff on original alignment: -29849.889
NOTE: Bootstrap correlation coefficient of split occurrence frequencies: 0.982
NOTE: UFBoot does not converge, continue at least 100 more iterations
Iteration 510 / LogL: -29703.558 / Time: 0h:28m:32s (0h:5m:2s left)
Iteration 520 / LogL: -29703.498 / Time: 0h:29m:4s (0h:4m:28s left)
Iteration 530 / LogL: -29691.254 / Time: 0h:29m:39s (0h:3m:55s left)
Iteration 540 / LogL: -29697.554 / Time: 0h:30m:10s (0h:3m:21s left)
Iteration 550 / LogL: -29676.474 / Time: 0h:30m:45s (0h:2m:48s left)
Log-likelihood cutoff on original alignment: -29849.889
Iteration 560 / LogL: -29732.578 / Time: 0h:31m:20s (0h:2m:14s left)
Iteration 570 / LogL: -29693.314 / Time: 0h:31m:55s (0h:1m:40s left)
Estimate model parameters (epsilon = 0.100)
BETTER TREE FOUND at iteration 578: -29673.149
Iteration 580 / LogL: -29710.412 / Time: 0h:32m:28s (0h:5m:29s left)
Iteration 590 / LogL: -29689.777 / Time: 0h:33m:1s (0h:4m:56s left)
Iteration 600 / LogL: -29725.947 / Time: 0h:33m:37s (0h:4m:22s left)
Log-likelihood cutoff on original alignment: -29849.889
NOTE: Bootstrap correlation coefficient of split occurrence frequencies: 0.987
NOTE: UFBoot does not converge, continue at least 100 more iterations
Iteration 610 / LogL: -29681.626 / Time: 0h:34m:11s (0h:5m:3s left)
Iteration 620 / LogL: -29717.323 / Time: 0h:34m:45s (0h:4m:29s left)
Iteration 630 / LogL: -29714.586 / Time: 0h:35m:19s (0h:3m:55s left)
Iteration 640 / LogL: -29701.886 / Time: 0h:35m:53s (0h:3m:22s left)
Iteration 650 / LogL: -29692.875 / Time: 0h:36m:26s (0h:2m:48s left)
Log-likelihood cutoff on original alignment: -29849.889
Iteration 660 / LogL: -29715.358 / Time: 0h:37m:2s (0h:2m:14s left)
Iteration 670 / LogL: -29700.219 / Time: 0h:37m:33s (0h:1m:41s left)
Iteration 680 / LogL: -29728.975 / Time: 0h:38m:6s (0h:1m:7s left)
Iteration 690 / LogL: -29711.560 / Time: 0h:38m:39s (0h:0m:33s left)
Iteration 700 / LogL: -29684.390 / Time: 0h:39m:11s (0h:0m:0s left)
Log-likelihood cutoff on original alignment: -29849.889
NOTE: Bootstrap correlation coefficient of split occurrence frequencies: 0.988
NOTE: UFBoot does not converge, continue at least 100 more iterations
Iteration 710 / LogL: -29701.979 / Time: 0h:39m:46s (0h:5m:2s left)
Iteration 720 / LogL: -29677.394 / Time: 0h:40m:20s (0h:4m:29s left)
Iteration 730 / LogL: -29690.361 / Time: 0h:40m:53s (0h:3m:55s left)
Iteration 740 / LogL: -29688.150 / Time: 0h:41m:25s (0h:3m:21s left)
Iteration 750 / LogL: -29678.043 / Time: 0h:41m:59s (0h:2m:48s left)
Log-likelihood cutoff on original alignment: -29849.889
Iteration 760 / LogL: -29701.287 / Time: 0h:42m:33s (0h:2m:14s left)
Iteration 770 / LogL: -29710.493 / Time: 0h:43m:7s (0h:1m:40s left)
Iteration 780 / LogL: -29715.506 / Time: 0h:43m:41s (0h:1m:7s left)
Iteration 790 / LogL: -29699.338 / Time: 0h:44m:17s (0h:0m:33s left)
Iteration 800 / LogL: -29697.418 / Time: 0h:44m:50s (0h:0m:0s left)
Log-likelihood cutoff on original alignment: -29849.889
NOTE: Bootstrap correlation coefficient of split occurrence frequencies: 0.991
TREE SEARCH COMPLETED AFTER 800 ITERATIONS / Time: 0h:44m:51s

--------------------------------------------------------------------
|                    FINALIZING TREE SEARCH                        |
--------------------------------------------------------------------
Performs final model parameters optimization
Estimate model parameters (epsilon = 0.010)
1. Initial log-likelihood: -29673.149
Optimal log-likelihood: -29673.139
Rate parameters:  A-C: 0.80553  A-G: 1.92326  A-T: 0.80553  C-G: 1.00000  C-T: 2.98167  G-T: 1.00000
Base frequencies:  A: 0.207  C: 0.283  G: 0.312  T: 0.198
Site proportion and rates:  (0.351,0.092) (0.104,0.313) (0.103,0.637) (0.188,1.158) (0.182,2.081) (0.072,3.808)
Parameters optimization took 1 rounds (0.580 sec)
BEST SCORE FOUND : -29673.139

Testing tree branches by SH-like aLRT with 1000 replicates...
Alternative NNI shows better log-likelihood -29672.936 > -29673.139
Alternative NNI shows better log-likelihood -29672.430 > -29673.139
Alternative NNI shows better log-likelihood -29673.138 > -29673.139
4.368 sec.
Creating bootstrap support values...
Split supports printed to NEXUS file iqtree/select_OTU_moss.splits.nex
Total tree length: 30.306

Total number of iterations: 800
CPU time used for tree search: 3188.016 sec (0h:53m:8s)
Wall-clock time used for tree search: 2644.625 sec (0h:44m:4s)
Total CPU time used: 3257.469 sec (0h:54m:17s)
Total wall-clock time used: 2698.611 sec (0h:44m:58s)

Computing bootstrap consensus tree...
Reading input file iqtree/select_OTU_moss.splits.nex...
507 taxa and 5051 splits.
Consensus tree written to iqtree/select_OTU_moss.contree
Reading input trees file iqtree/select_OTU_moss.contree
Log-likelihood of consensus tree: -29670.613

Analysis results written to: 
  IQ-TREE report:                iqtree/select_OTU_moss.iqtree
  Maximum-likelihood tree:       iqtree/select_OTU_moss.treefile
  Likelihood distances:          iqtree/select_OTU_moss.mldist

Ultrafast bootstrap approximation results written to:
  Split support values:          iqtree/select_OTU_moss.splits.nex
  Consensus tree:                iqtree/select_OTU_moss.contree
  Screen log file:               iqtree/select_OTU_moss.log

Date and Time: Tue Sep 23 20:56:50 2025
